<html>
<head>
<title>TestNG:  Flipkart App Test Cases</title>
<link href="../testng.css" rel="stylesheet" type="text/css" />
<link href="../my-testng.css" rel="stylesheet" type="text/css" />

<style type="text/css">
.log { display: none;} 
.stack-trace { display: none;} 
</style>
<script type="text/javascript">
<!--
function flip(e) {
  current = e.style.display;
  if (current == 'block') {
    e.style.display = 'none';
    return 0;
  }
  else {
    e.style.display = 'block';
    return 1;
  }
}

function toggleBox(szDivId, elem, msg1, msg2)
{
  var res = -1;  if (document.getElementById) {
    res = flip(document.getElementById(szDivId));
  }
  else if (document.all) {
    // this is the way old msie versions work
    res = flip(document.all[szDivId]);
  }
  if(elem) {
    if(res == 0) elem.innerHTML = msg1; else elem.innerHTML = msg2;
  }

}

function toggleAllBoxes() {
  if (document.getElementsByTagName) {
    d = document.getElementsByTagName('div');
    for (i = 0; i < d.length; i++) {
      if (d[i].className == 'log') {
        flip(d[i]);
      }
    }
  }
}

// -->
</script>

</head>
<body>
<h2 align='center'>Flipkart App Test Cases</h2><table border='1' align="center">
<tr>
<td>Tests passed/Failed/Skipped:</td><td>10/0/2</td>
</tr><tr>
<td>Started on:</td><td>Tue Jun 29 17:12:36 IST 2021</td>
</tr>
<tr><td>Total time:</td><td>111 seconds (111704 ms)</td>
</tr><tr>
<td>Included groups:</td><td></td>
</tr><tr>
<td>Excluded groups:</td><td></td>
</tr>
</table><p/>
<small><i>(Hover the method name to see the test class name)</i></small><p/>
<table width='100%' border='1' class='invocation-failed'>
<tr><td colspan='4' align='center'><b>FAILED CONFIGURATIONS</b></td></tr>
<tr><td><b>Test method</b></td>
<td width="30%"><b>Exception</b></td>
<td width="10%"><b>Time (seconds)</b></td>
<td><b>Instance</b></td>
</tr>
<tr>
<td title='com.flipkart.qa.testcases.PaymentPageTest.setup()'><b>setup</b><br>Test class: com.flipkart.qa.testcases.PaymentPageTest</td>
<td><div><pre>org.openqa.selenium.NoSuchElementException: no such element: Unable to locate element: {&quot;method&quot;:&quot;xpath&quot;,&quot;selector&quot;:&quot;//img[@class=&apos;_396cs4 _3exPp9&apos; and @alt=&apos;APPLE iPhone 11 Pro Max (Gold, 64 GB)&apos;]&quot;}
  (Session info: chrome=91.0.4472.114)
For documentation on this error, please visit: https://www.seleniumhq.org/exceptions/no_such_element.html
Build info: version: &apos;3.141.59&apos;, revision: &apos;e82be7d358&apos;, time: &apos;2018-11-14T08:17:03&apos;
System info: host: &apos;LAPTOP-2MKHJJ9O&apos;, ip: &apos;192.168.1.101&apos;, os.name: &apos;Windows 10&apos;, os.arch: &apos;amd64&apos;, os.version: &apos;10.0&apos;, java.version: &apos;1.8.0_291&apos;
Driver info: org.openqa.selenium.chrome.ChromeDriver
Capabilities {acceptInsecureCerts: false, browserName: chrome, browserVersion: 91.0.4472.114, chrome: {chromedriverVersion: 91.0.4472.101 (af52a90bf870..., userDataDir: C:\Users\ARUNPA~1\AppData\L...}, goog:chromeOptions: {debuggerAddress: localhost:57246}, javascriptEnabled: true, networkConnectionEnabled: false, pageLoadStrategy: normal, platform: WINDOWS, platformName: WINDOWS, proxy: Proxy(), setWindowRect: true, strictFileInteractability: false, timeouts: {implicit: 0, pageLoad: 300000, script: 30000}, unhandledPromptBehavior: dismiss and notify, webauthn:extension:largeBlob: true, webauthn:virtualAuthenticators: true}
Session ID: 2a9946630ca8dcb6891e9090604f3829
*** Element info: {Using=xpath, value=//img[@class=&apos;_396cs4 _3exPp9&apos; and @alt=&apos;APPLE iPhone 11 Pro Max (Gold, 64 GB)&apos;]}
	at org.openqa.selenium.remote.http.W3CHttpResponseCodec.createException(W3CHttpResponseCodec.java:187)
	at org.openqa.selenium.remote.http.W3CHttpResponseCodec.decode(W3CHttpResponseCodec.java:122)
	at org.openqa.selenium.remote.http.W3CHttpResponseCodec.decode(W3CHttpResponseCodec.java:49)
	at org.openqa.selenium.remote.HttpCommandExecutor.execute(HttpCommandExecutor.java:158)
	at org.openqa.selenium.remote.service.DriverCommandExecutor.execute(DriverCommandExecutor.java:83)
	at org.openqa.selenium.remote.RemoteWebDriver.execute(RemoteWebDriver.java:552)
	at org.openqa.selenium.remote.RemoteWebDriver.findElement(RemoteWebDriver.java:323)
	at org.openqa.selenium.remote.RemoteWebDriver.findElementByXPath(RemoteWebDriver.java:428)
	at org.openqa.selenium.By$ByXPath.findElement(By.java:353)
	at org.openqa.selenium.remote.RemoteWebDriver.findElement(RemoteWebDriver.java:315)
	at org.openqa.selenium.support.pagefactory.DefaultElementLocator.findElement(DefaultElementLocator.java:69)
	at org.openqa.selenium.support.pagefactory.internal.LocatingElementHandler.invoke(LocatingElementHandler.java:38)
	at com.sun.proxy.$Proxy8.click(Unknown Source)
	at com.flipkart.qa.pages.ItemPage.selectIphone(ItemPage.java:29)
	at com.flipkart.qa.testcases.PaymentPageTest.setup(PaymentPageTest.java:40)
... Removed 30 stack frames</pre></div><a href='#' onClick='toggleBox("stack-trace1075236033", this, "Click to show all stack frames", "Click to hide stack frames")'>Click to show all stack frames</a>
<div class='stack-trace' id='stack-trace1075236033'><pre>org.openqa.selenium.NoSuchElementException: no such element: Unable to locate element: {&quot;method&quot;:&quot;xpath&quot;,&quot;selector&quot;:&quot;//img[@class=&apos;_396cs4 _3exPp9&apos; and @alt=&apos;APPLE iPhone 11 Pro Max (Gold, 64 GB)&apos;]&quot;}
  (Session info: chrome=91.0.4472.114)
For documentation on this error, please visit: https://www.seleniumhq.org/exceptions/no_such_element.html
Build info: version: &apos;3.141.59&apos;, revision: &apos;e82be7d358&apos;, time: &apos;2018-11-14T08:17:03&apos;
System info: host: &apos;LAPTOP-2MKHJJ9O&apos;, ip: &apos;192.168.1.101&apos;, os.name: &apos;Windows 10&apos;, os.arch: &apos;amd64&apos;, os.version: &apos;10.0&apos;, java.version: &apos;1.8.0_291&apos;
Driver info: org.openqa.selenium.chrome.ChromeDriver
Capabilities {acceptInsecureCerts: false, browserName: chrome, browserVersion: 91.0.4472.114, chrome: {chromedriverVersion: 91.0.4472.101 (af52a90bf870..., userDataDir: C:\Users\ARUNPA~1\AppData\L...}, goog:chromeOptions: {debuggerAddress: localhost:57246}, javascriptEnabled: true, networkConnectionEnabled: false, pageLoadStrategy: normal, platform: WINDOWS, platformName: WINDOWS, proxy: Proxy(), setWindowRect: true, strictFileInteractability: false, timeouts: {implicit: 0, pageLoad: 300000, script: 30000}, unhandledPromptBehavior: dismiss and notify, webauthn:extension:largeBlob: true, webauthn:virtualAuthenticators: true}
Session ID: 2a9946630ca8dcb6891e9090604f3829
*** Element info: {Using=xpath, value=//img[@class=&apos;_396cs4 _3exPp9&apos; and @alt=&apos;APPLE iPhone 11 Pro Max (Gold, 64 GB)&apos;]}
	at sun.reflect.NativeConstructorAccessorImpl.newInstance0(Native Method)
	at sun.reflect.NativeConstructorAccessorImpl.newInstance(NativeConstructorAccessorImpl.java:62)
	at sun.reflect.DelegatingConstructorAccessorImpl.newInstance(DelegatingConstructorAccessorImpl.java:45)
	at java.lang.reflect.Constructor.newInstance(Constructor.java:423)
	at org.openqa.selenium.remote.http.W3CHttpResponseCodec.createException(W3CHttpResponseCodec.java:187)
	at org.openqa.selenium.remote.http.W3CHttpResponseCodec.decode(W3CHttpResponseCodec.java:122)
	at org.openqa.selenium.remote.http.W3CHttpResponseCodec.decode(W3CHttpResponseCodec.java:49)
	at org.openqa.selenium.remote.HttpCommandExecutor.execute(HttpCommandExecutor.java:158)
	at org.openqa.selenium.remote.service.DriverCommandExecutor.execute(DriverCommandExecutor.java:83)
	at org.openqa.selenium.remote.RemoteWebDriver.execute(RemoteWebDriver.java:552)
	at org.openqa.selenium.remote.RemoteWebDriver.findElement(RemoteWebDriver.java:323)
	at org.openqa.selenium.remote.RemoteWebDriver.findElementByXPath(RemoteWebDriver.java:428)
	at org.openqa.selenium.By$ByXPath.findElement(By.java:353)
	at org.openqa.selenium.remote.RemoteWebDriver.findElement(RemoteWebDriver.java:315)
	at org.openqa.selenium.support.pagefactory.DefaultElementLocator.findElement(DefaultElementLocator.java:69)
	at org.openqa.selenium.support.pagefactory.internal.LocatingElementHandler.invoke(LocatingElementHandler.java:38)
	at com.sun.proxy.$Proxy8.click(Unknown Source)
	at com.flipkart.qa.pages.ItemPage.selectIphone(ItemPage.java:29)
	at com.flipkart.qa.testcases.PaymentPageTest.setup(PaymentPageTest.java:40)
	at sun.reflect.NativeMethodAccessorImpl.invoke0(Native Method)
	at sun.reflect.NativeMethodAccessorImpl.invoke(NativeMethodAccessorImpl.java:62)
	at sun.reflect.DelegatingMethodAccessorImpl.invoke(DelegatingMethodAccessorImpl.java:43)
	at java.lang.reflect.Method.invoke(Method.java:498)
	at org.testng.internal.MethodInvocationHelper.invokeMethod(MethodInvocationHelper.java:80)
	at org.testng.internal.Invoker.invokeConfigurationMethod(Invoker.java:564)
	at org.testng.internal.Invoker.invokeConfigurations(Invoker.java:213)
	at org.testng.internal.Invoker.invokeMethod(Invoker.java:653)
	at org.testng.internal.Invoker.invokeTestMethod(Invoker.java:901)
	at org.testng.internal.Invoker.invokeTestMethods(Invoker.java:1231)
	at org.testng.internal.TestMethodWorker.invokeTestMethods(TestMethodWorker.java:127)
	at org.testng.internal.TestMethodWorker.run(TestMethodWorker.java:111)
	at org.testng.TestRunner.privateRun(TestRunner.java:767)
	at org.testng.TestRunner.run(TestRunner.java:617)
	at org.testng.SuiteRunner.runTest(SuiteRunner.java:334)
	at org.testng.SuiteRunner.runSequentially(SuiteRunner.java:329)
	at org.testng.SuiteRunner.privateRun(SuiteRunner.java:291)
	at org.testng.SuiteRunner.run(SuiteRunner.java:240)
	at org.testng.SuiteRunnerWorker.runSuite(SuiteRunnerWorker.java:52)
	at org.testng.SuiteRunnerWorker.run(SuiteRunnerWorker.java:86)
	at org.testng.TestNG.runSuitesSequentially(TestNG.java:1198)
	at org.testng.TestNG.runSuitesLocally(TestNG.java:1123)
	at org.testng.TestNG.run(TestNG.java:1031)
	at org.testng.remote.RemoteTestNG.run(RemoteTestNG.java:115)
	at org.testng.remote.RemoteTestNG.initAndRun(RemoteTestNG.java:207)
	at org.testng.remote.RemoteTestNG.main(RemoteTestNG.java:178)
</pre></div></td>
<td>0</td>
<td>com.flipkart.qa.testcases.PaymentPageTest@3043fe0e</td></tr>
</table><p>
<table width='100%' border='1' class='invocation-skipped'>
<tr><td colspan='4' align='center'><b>SKIPPED CONFIGURATIONS</b></td></tr>
<tr><td><b>Test method</b></td>
<td width="30%"><b>Exception</b></td>
<td width="10%"><b>Time (seconds)</b></td>
<td><b>Instance</b></td>
</tr>
<tr>
<td title='com.flipkart.qa.testcases.PaymentPageTest.setup()'><b>setup</b><br>Test class: com.flipkart.qa.testcases.PaymentPageTest</td>
<td></td>
<td>0</td>
<td>com.flipkart.qa.testcases.PaymentPageTest@3043fe0e</td></tr>
<tr>
<td title='com.flipkart.qa.testcases.PaymentPageTest.tearDown()'><b>tearDown</b><br>Test class: com.flipkart.qa.testcases.PaymentPageTest</td>
<td></td>
<td>0</td>
<td>com.flipkart.qa.testcases.PaymentPageTest@3043fe0e</td></tr>
<tr>
<td title='com.flipkart.qa.testcases.PaymentPageTest.tearDown()'><b>tearDown</b><br>Test class: com.flipkart.qa.testcases.PaymentPageTest</td>
<td></td>
<td>0</td>
<td>com.flipkart.qa.testcases.PaymentPageTest@3043fe0e</td></tr>
</table><p>
<table width='100%' border='1' class='invocation-passed'>
<tr><td colspan='4' align='center'><b>PASSED TESTS</b></td></tr>
<tr><td><b>Test method</b></td>
<td width="30%"><b>Exception</b></td>
<td width="10%"><b>Time (seconds)</b></td>
<td><b>Instance</b></td>
</tr>
<tr>
<td title='com.flipkart.qa.testcases.PaymentPageTest.AcceptTermsAndCondi()'><b>AcceptTermsAndCondi</b><br>Test class: com.flipkart.qa.testcases.PaymentPageTest</td>
<td></td>
<td>4</td>
<td>com.flipkart.qa.testcases.PaymentPageTest@3043fe0e</td></tr>
<tr>
<td title='com.flipkart.qa.testcases.itemPagetest.BuyNow()'><b>BuyNow</b><br>Test class: com.flipkart.qa.testcases.itemPagetest<br>Test method: clicked buynow button</td>
<td></td>
<td>5</td>
<td>com.flipkart.qa.testcases.itemPagetest@17d677df</td></tr>
<tr>
<td title='com.flipkart.qa.testcases.FInalPaymentPageTest.enterCardDetails()'><b>enterCardDetails</b><br>Test class: com.flipkart.qa.testcases.FInalPaymentPageTest</td>
<td></td>
<td>2</td>
<td>com.flipkart.qa.testcases.FInalPaymentPageTest@78e67e0a</td></tr>
<tr>
<td title='com.flipkart.qa.testcases.itemPagetest.itemPageTitleCheck()'><b>itemPageTitleCheck</b><br>Test class: com.flipkart.qa.testcases.itemPagetest</td>
<td></td>
<td>0</td>
<td>com.flipkart.qa.testcases.itemPagetest@17d677df</td></tr>
<tr>
<td title='com.flipkart.qa.testcases.LoginPageTest.loginPageTitleTest()'><b>loginPageTitleTest</b><br>Test class: com.flipkart.qa.testcases.LoginPageTest</td>
<td></td>
<td>0</td>
<td>com.flipkart.qa.testcases.LoginPageTest@1877ab81</td></tr>
<tr>
<td title='com.flipkart.qa.testcases.LoginPageTest.loginTest()'><b>loginTest</b><br>Test class: com.flipkart.qa.testcases.LoginPageTest</td>
<td></td>
<td>0</td>
<td>com.flipkart.qa.testcases.LoginPageTest@1877ab81</td></tr>
<tr>
<td title='com.flipkart.qa.testcases.HomePageTest.searchItem()'><b>searchItem</b><br>Test class: com.flipkart.qa.testcases.HomePageTest</td>
<td></td>
<td>0</td>
<td>com.flipkart.qa.testcases.HomePageTest@76b0bfab</td></tr>
<tr>
<td title='com.flipkart.qa.testcases.itemPagetest.selectIphone()'><b>selectIphone</b><br>Test class: com.flipkart.qa.testcases.itemPagetest<br>Test method: selected Iphone</td>
<td></td>
<td>1</td>
<td>com.flipkart.qa.testcases.itemPagetest@17d677df</td></tr>
<tr>
<td title='com.flipkart.qa.testcases.HomePageTest.testMyname()'><b>testMyname</b><br>Test class: com.flipkart.qa.testcases.HomePageTest</td>
<td></td>
<td>2</td>
<td>com.flipkart.qa.testcases.HomePageTest@76b0bfab</td></tr>
<tr>
<td title='com.flipkart.qa.testcases.HomePageTest.verifyHomepageTitle()'><b>verifyHomepageTitle</b><br>Test class: com.flipkart.qa.testcases.HomePageTest</td>
<td></td>
<td>0</td>
<td>com.flipkart.qa.testcases.HomePageTest@76b0bfab</td></tr>
</table><p>
<table width='100%' border='1' class='invocation-skipped'>
<tr><td colspan='4' align='center'><b>SKIPPED TESTS</b></td></tr>
<tr><td><b>Test method</b></td>
<td width="30%"><b>Exception</b></td>
<td width="10%"><b>Time (seconds)</b></td>
<td><b>Instance</b></td>
</tr>
<tr>
<td title='com.flipkart.qa.testcases.PaymentPageTest.confirmOrder()'><b>confirmOrder</b><br>Test class: com.flipkart.qa.testcases.PaymentPageTest</td>
<td></td>
<td>0</td>
<td>com.flipkart.qa.testcases.PaymentPageTest@3043fe0e</td></tr>
<tr>
<td title='com.flipkart.qa.testcases.PaymentPageTest.verifyTitle()'><b>verifyTitle</b><br>Test class: com.flipkart.qa.testcases.PaymentPageTest</td>
<td></td>
<td>0</td>
<td>com.flipkart.qa.testcases.PaymentPageTest@3043fe0e</td></tr>
</table><p>
</body>
</html>