<?xml version="1.0" encoding="UTF-8"?>
<!-- Generated by org.testng.reporters.JUnitXMLReporter -->
<testsuite hostname="LAPTOP-2MKHJJ9O" name="Flipkart App Test Cases" tests="12" failures="1" timestamp="26 Jun 2021 11:19:33 GMT" time="166.553" errors="0">
  <testcase name="loginPageTitleTest" time="0.063" classname="com.flipkart.qa.testcases.LoginPageTest"/>
  <testcase name="loginTest" time="0.702" classname="com.flipkart.qa.testcases.LoginPageTest"/>
  <testcase name="searchItem" time="0.426" classname="com.flipkart.qa.testcases.HomePageTest"/>
  <testcase name="testMyname" time="2.932" classname="com.flipkart.qa.testcases.HomePageTest"/>
  <testcase name="verifyHomepageTitle" time="0.032" classname="com.flipkart.qa.testcases.HomePageTest"/>
  <testcase name="BuyNow" time="10.117" classname="com.flipkart.qa.testcases.itemPagetest">
    <failure type="org.openqa.selenium.NoSuchElementException" message="no such element: Unable to locate element: {&amp;quot;method&amp;quot;:&amp;quot;xpath&amp;quot;,&amp;quot;selector&amp;quot;:&amp;quot;//img[@class=&amp;apos;_396cs4 _3exPp9&amp;apos; and @alt=&amp;apos;APPLE iPhone 11 Pro Max (Gold, 64 GB)&amp;apos;]&amp;quot;}
  (Session info: chrome=91.0.4472.114)
For documentation on this error, please visit: https://www.seleniumhq.org/exceptions/no_such_element.html
Build info: version: &amp;apos;3.141.59&amp;apos;, revision: &amp;apos;e82be7d358&amp;apos;, time: &amp;apos;2018-11-14T08:17:03&amp;apos;
System info: host: &amp;apos;LAPTOP-2MKHJJ9O&amp;apos;, ip: &amp;apos;192.168.1.101&amp;apos;, os.name: &amp;apos;Windows 10&amp;apos;, os.arch: &amp;apos;amd64&amp;apos;, os.version: &amp;apos;10.0&amp;apos;, java.version: &amp;apos;1.8.0_291&amp;apos;
Driver info: org.openqa.selenium.chrome.ChromeDriver
Capabilities {acceptInsecureCerts: false, browserName: chrome, browserVersion: 91.0.4472.114, chrome: {chromedriverVersion: 91.0.4472.101 (af52a90bf870..., userDataDir: C:\Users\ARUNPA~1\AppData\L...}, goog:chromeOptions: {debuggerAddress: localhost:51644}, javascriptEnabled: true, networkConnectionEnabled: false, pageLoadStrategy: normal, platform: WINDOWS, platformName: WINDOWS, proxy: Proxy(), setWindowRect: true, strictFileInteractability: false, timeouts: {implicit: 0, pageLoad: 300000, script: 30000}, unhandledPromptBehavior: dismiss and notify, webauthn:extension:largeBlob: true, webauthn:virtualAuthenticators: true}
Session ID: d89eefd00429bc66d44b57a12dd1bacc
*** Element info: {Using=xpath, value=//img[@class=&amp;apos;_396cs4 _3exPp9&amp;apos; and @alt=&amp;apos;APPLE iPhone 11 Pro Max (Gold, 64 GB)&amp;apos;]}">
      <![CDATA[org.openqa.selenium.NoSuchElementException: no such element: Unable to locate element: {"method":"xpath","selector":"//img[@class='_396cs4 _3exPp9' and @alt='APPLE iPhone 11 Pro Max (Gold, 64 GB)']"}
  (Session info: chrome=91.0.4472.114)
For documentation on this error, please visit: https://www.seleniumhq.org/exceptions/no_such_element.html
Build info: version: '3.141.59', revision: 'e82be7d358', time: '2018-11-14T08:17:03'
System info: host: 'LAPTOP-2MKHJJ9O', ip: '192.168.1.101', os.name: 'Windows 10', os.arch: 'amd64', os.version: '10.0', java.version: '1.8.0_291'
Driver info: org.openqa.selenium.chrome.ChromeDriver
Capabilities {acceptInsecureCerts: false, browserName: chrome, browserVersion: 91.0.4472.114, chrome: {chromedriverVersion: 91.0.4472.101 (af52a90bf870..., userDataDir: C:\Users\ARUNPA~1\AppData\L...}, goog:chromeOptions: {debuggerAddress: localhost:51644}, javascriptEnabled: true, networkConnectionEnabled: false, pageLoadStrategy: normal, platform: WINDOWS, platformName: WINDOWS, proxy: Proxy(), setWindowRect: true, strictFileInteractability: false, timeouts: {implicit: 0, pageLoad: 300000, script: 30000}, unhandledPromptBehavior: dismiss and notify, webauthn:extension:largeBlob: true, webauthn:virtualAuthenticators: true}
Session ID: d89eefd00429bc66d44b57a12dd1bacc
*** Element info: {Using=xpath, value=//img[@class='_396cs4 _3exPp9' and @alt='APPLE iPhone 11 Pro Max (Gold, 64 GB)']}
	at org.openqa.selenium.remote.http.W3CHttpResponseCodec.createException(W3CHttpResponseCodec.java:187)
	at org.openqa.selenium.remote.http.W3CHttpResponseCodec.decode(W3CHttpResponseCodec.java:122)
	at org.openqa.selenium.remote.http.W3CHttpResponseCodec.decode(W3CHttpResponseCodec.java:49)
	at org.openqa.selenium.remote.HttpCommandExecutor.execute(HttpCommandExecutor.java:158)
	at org.openqa.selenium.remote.service.DriverCommandExecutor.execute(DriverCommandExecutor.java:83)
	at org.openqa.selenium.remote.RemoteWebDriver.execute(RemoteWebDriver.java:552)
	at org.openqa.selenium.remote.RemoteWebDriver.findElement(RemoteWebDriver.java:323)
	at org.openqa.selenium.remote.RemoteWebDriver.findElementByXPath(RemoteWebDriver.java:428)
	at org.openqa.selenium.By$ByXPath.findElement(By.java:353)
	at org.openqa.selenium.remote.RemoteWebDriver.findElement(RemoteWebDriver.java:315)
	at org.openqa.selenium.support.pagefactory.DefaultElementLocator.findElement(DefaultElementLocator.java:69)
	at org.openqa.selenium.support.pagefactory.internal.LocatingElementHandler.invoke(LocatingElementHandler.java:38)
	at com.sun.proxy.$Proxy8.click(Unknown Source)
	at com.flipkart.qa.pages.ItemPage.selectIphone(ItemPage.java:29)
	at com.flipkart.qa.testcases.itemPagetest.BuyNow(itemPagetest.java:56)
... Removed 28 stack frames]]>
    </failure>
  </testcase> <!-- BuyNow -->
  <testcase name="itemPageTitleCheck" time="0.008" classname="com.flipkart.qa.testcases.itemPagetest"/>
  <testcase name="selectIphone" time="2.263" classname="com.flipkart.qa.testcases.itemPagetest"/>
  <testcase name="AcceptTermsAndCondi" time="6.223" classname="com.flipkart.qa.testcases.PaymentPageTest"/>
  <testcase name="confirmOrder" time="4.559" classname="com.flipkart.qa.testcases.PaymentPageTest"/>
  <testcase name="verifyTitle" time="0.063" classname="com.flipkart.qa.testcases.PaymentPageTest"/>
  <testcase name="enterCardDetails" time="5.075" classname="com.flipkart.qa.testcases.FInalPaymentPageTest"/>
</testsuite> <!-- Flipkart App Test Cases -->
